<?xml version="1.0" encoding="UTF-8"?>
<testng-results skipped="0" failed="0" ignored="0" total="1" passed="1">
  <reporter-output>
  </reporter-output>
  <suite name="Suite" duration-ms="13189" started-at="2021-09-11T23:49:29 IST" finished-at="2021-09-11T23:49:42 IST">
    <groups>
      <group name="cucumber">
        <method signature="AbstractTestNGCucumberTests.runScenario(io.cucumber.testng.PickleWrapper,io.cucumber.testng.FeatureWrapper)[pri:0, instance:runner.Runner@1817d444]" name="runScenario" class="io.cucumber.testng.AbstractTestNGCucumberTests"/>
      </group> <!-- cucumber -->
    </groups>
    <test name="LoginTest" duration-ms="13189" started-at="2021-09-11T23:49:29 IST" finished-at="2021-09-11T23:49:42 IST">
      <class name="runner.Runner">
        <test-method status="PASS" signature="setUpClass()[pri:0, instance:runner.Runner@1817d444]" name="setUpClass" is-config="true" duration-ms="476" started-at="2021-09-11T23:49:29 IST" finished-at="2021-09-11T23:49:30 IST">
          <reporter-output>
          </reporter-output>
        </test-method> <!-- setUpClass -->
        <test-method status="PASS" signature="runScenario(io.cucumber.testng.PickleWrapper,io.cucumber.testng.FeatureWrapper)[pri:0, instance:runner.Runner@1817d444]" name="runScenario" duration-ms="12629" started-at="2021-09-11T23:49:30 IST" description="Runs Cucumber Scenarios" data-provider="scenarios" finished-at="2021-09-11T23:49:42 IST">
          <params>
            <param index="0">
              <value>
                <![CDATA["Login with Valid Credentials"]]>
              </value>
            </param>
            <param index="1">
              <value>
                <![CDATA["Optional[Application Login]"]]>
              </value>
            </param>
          </params>
          <reporter-output>
          </reporter-output>
        </test-method> <!-- runScenario -->
        <test-method status="PASS" signature="tearDownClass()[pri:0, instance:runner.Runner@1817d444]" name="tearDownClass" is-config="true" duration-ms="20" started-at="2021-09-11T23:49:42 IST" finished-at="2021-09-11T23:49:42 IST">
          <reporter-output>
          </reporter-output>
        </test-method> <!-- tearDownClass -->
      </class> <!-- runner.Runner -->
    </test> <!-- LoginTest -->
  </suite> <!-- Suite -->
</testng-results>
